c:\users\繁星\documents\visual studio 2013\projects\win32project1\mjscan\debug\vc120.pdb
c:\users\繁星\documents\visual studio 2013\projects\win32project1\mjscan\debug\vc120.idb
c:\users\繁星\documents\visual studio 2013\projects\win32project1\mjscan\debug\cylinderfitting.obj
c:\users\繁星\documents\visual studio 2013\projects\win32project1\mjscan\debug\cpptester.obj
c:\users\繁星\documents\visual studio 2013\projects\win32project1\mjscan\debug\dllmain.obj
c:\users\繁星\documents\visual studio 2013\projects\win32project1\debug\mjscan.ilk
c:\users\繁星\documents\visual studio 2013\projects\win32project1\debug\mjscan.dll
c:\users\繁星\documents\visual studio 2013\projects\win32project1\debug\mjscan.pdb
c:\users\繁星\documents\visual studio 2013\projects\win32project1\debug\mjscan.lib
c:\users\繁星\documents\visual studio 2013\projects\win32project1\debug\mjscan.exp
e:\mjscan\mjscan\debug\cpptester.obj
e:\mjscan\mjscan\debug\cylinderfitting.obj
e:\mjscan\mjscan\debug\dllmain.obj
e:\mjscan\mjscan\debug\vc120.idb
e:\mjscan\mjscan\debug\vc120.pdb
e:\mjscan\debug\mjscan.pdb
e:\mjscan\debug\mjscan.dll
e:\mjscan\debug\mjscan.ilk
e:\mjscan\mjscan\debug\mjscan.tlog\cl.command.1.tlog
e:\mjscan\mjscan\debug\mjscan.tlog\cl.read.1.tlog
e:\mjscan\mjscan\debug\mjscan.tlog\cl.write.1.tlog
e:\mjscan\mjscan\debug\mjscan.tlog\link.command.1.tlog
e:\mjscan\mjscan\debug\mjscan.tlog\link.read.1.tlog
e:\mjscan\mjscan\debug\mjscan.tlog\link.write.1.tlog
e:\mjscan\mjscan\debug\mjscan.tlog\mjscan.write.1u.tlog
